{ username: 'nimish',
  level: '\u001b[31merror\u001b[39m',
  message: 'values not found in database',
  timestamp: '2021-08-21 19:58:35' }
{ username: 'nimish',
  level: '\u001b[31merror\u001b[39m',
  message: 'values not found in database',
  timestamp: '2021-08-21 19:58:38' }
{ username: 'nimish',
  level: '\u001b[31merror\u001b[39m',
  message: 'values not found in database',
  timestamp: '2021-08-21 20:00:57' }
{ username: 'nimish',
  level: '\u001b[31merror\u001b[39m',
  message: 'values not found in database',
  timestamp: '2021-08-21 20:01:00' }
{ username: 'nimish',
  level: '\u001b[31merror\u001b[39m',
  message: 'values not found in database',
  timestamp: '2021-08-21 20:01:01' }
{ username: 'nimish',
  level: '\u001b[31merror\u001b[39m',
  message: 'values not found in database',
  timestamp: '2021-08-21 20:03:12' }
{ username: 'nimish',
  level: '\u001b[31merror\u001b[39m',
  message: 'values not found in database',
  timestamp: '2021-08-21 20:03:16' }
{ username: 'nimish',
  level: '\u001b[31merror\u001b[39m',
  message: 'values not found in database',
  timestamp: '2021-08-21 20:03:30' }
{
  username: 'sjsjs',
  level: '\x1B[31merror\x1B[39m',
  message: 'values not found in database',
  timestamp: '2022-06-21 18:14:04'
}
{
  username: '20BCE0528',
  level: '\x1B[31merror\x1B[39m',
  message: 'values not found in database',
  timestamp: '2022-06-24 18:04:52'
}
{
  username: 'AddiTest',
  level: '\x1B[31merror\x1B[39m',
  message: 'values not found in database',
  timestamp: '2022-06-24 18:12:46'
}
{
  username: 'AddiTest',
  level: '\x1B[31merror\x1B[39m',
  message: 'values not found in database',
  timestamp: '2022-06-24 18:15:20'
}
{
  message: 'No username or password',
  level: '\x1B[31merror\x1B[39m',
  timestamp: '2022-06-24 18:17:28'
}
{
  message: 'No username or password',
  level: '\x1B[31merror\x1B[39m',
  timestamp: '2022-06-24 18:18:06'
}
{
  message: 'No username or password',
  level: '\x1B[31merror\x1B[39m',
  timestamp: '2022-06-24 18:30:27'
}
{
  username: 'AddiTest',
  level: '\x1B[31merror\x1B[39m',
  message: 'values not found in database',
  timestamp: '2022-06-24 18:33:50'
}
{
  message: 'No username or password',
  level: '\x1B[31merror\x1B[39m',
  timestamp: '2022-06-24 18:33:54'
}
{
  message: 'No username or password',
  level: '\x1B[31merror\x1B[39m',
  timestamp: '2022-06-24 18:33:59'
}
{
  message: 'undefined error occured',
  level: '\x1B[31merror\x1B[39m',
  timestamp: '2022-06-25 00:32:35'
}
{
  message: 'undefined error occured',
  level: '\x1B[31merror\x1B[39m',
  timestamp: '2022-06-25 00:32:49'
}
{
  message: 'undefined error occured',
  level: '\x1B[31merror\x1B[39m',
  timestamp: '2022-06-25 00:33:44'
}
{
  message: 'undefined error occured',
  level: '\x1B[31merror\x1B[39m',
  timestamp: '2022-06-25 00:34:04'
}
{
  message: 'undefined error occured',
  level: '\x1B[31merror\x1B[39m',
  timestamp: '2022-06-25 00:35:21'
}
{
  message: 'undefined error occured',
  level: '\x1B[31merror\x1B[39m',
  timestamp: '2022-06-25 00:37:44'
}
{
  message: 'undefined error occured',
  level: '\x1B[31merror\x1B[39m',
  timestamp: '2022-06-25 00:41:50'
}
{
  username: 'sanjaysanjay123',
  level: '\x1B[31merror\x1B[39m',
  message: 'values not found in database',
  timestamp: '2022-06-25 00:47:59'
}
{
  username: 'sanjay123',
  level: '\x1B[31merror\x1B[39m',
  message: 'values not found in database',
  timestamp: '2022-06-25 00:48:15'
}
